2024-05-16 12:36:51 [main] INFO  com.application.Application - Starting Application using Java 1.8.0_341 on DESKTOP-BHRUB85 with PID 21968 (D:\CG\CG-Employee\backend\target\classes started by dell in D:\CG\CG-Employee)
2024-05-16 12:36:51 [main] INFO  com.application.Application - No active profile set, falling back to default profiles: default
2024-05-16 12:36:51 [main] INFO  o.s.d.r.c.RepositoryConfigurationDelegate - Bootstrapping Spring Data MongoDB repositories in DEFAULT mode.
2024-05-16 12:36:52 [main] INFO  o.s.d.r.c.RepositoryConfigurationDelegate - Finished Spring Data repository scanning in 66 ms. Found 1 MongoDB repository interfaces.
2024-05-16 12:36:53 [main] INFO  o.s.b.w.e.tomcat.TomcatWebServer - Tomcat initialized with port(s): 8080 (http)
2024-05-16 12:36:54 [main] INFO  o.a.catalina.core.StandardService - Starting service [Tomcat]
2024-05-16 12:36:54 [main] INFO  o.a.catalina.core.StandardEngine - Starting Servlet engine: [Apache Tomcat/9.0.50]
2024-05-16 12:36:54 [main] INFO  o.a.c.c.C.[.[.[/springboot-crud-rest] - Initializing Spring embedded WebApplicationContext
2024-05-16 12:36:54 [main] INFO  o.s.b.w.s.c.ServletWebServerApplicationContext - Root WebApplicationContext: initialization completed in 2861 ms
2024-05-16 12:36:54 [main] INFO  org.mongodb.driver.cluster - Cluster created with settings {hosts=[127.0.0.1:27017], srvHost=cluster0.ub13oey.mongodb.net, mode=MULTIPLE, requiredClusterType=REPLICA_SET, serverSelectionTimeout='30000 ms', requiredReplicaSetName='atlas-2i8qf7-shard-0'}
2024-05-16 12:36:54 [cluster-ClusterId{value='66464436c2900649502bb03a', description='null'}-srv-cluster0.ub13oey.mongodb.net] INFO  org.mongodb.driver.cluster - Adding discovered server ac-3zww0ez-shard-00-00.ub13oey.mongodb.net:27017 to client view of cluster
2024-05-16 12:36:54 [cluster-ClusterId{value='66464436c2900649502bb03a', description='null'}-srv-cluster0.ub13oey.mongodb.net] INFO  org.mongodb.driver.cluster - Adding discovered server ac-3zww0ez-shard-00-01.ub13oey.mongodb.net:27017 to client view of cluster
2024-05-16 12:36:54 [cluster-ClusterId{value='66464436c2900649502bb03a', description='null'}-srv-cluster0.ub13oey.mongodb.net] INFO  org.mongodb.driver.cluster - Adding discovered server ac-3zww0ez-shard-00-02.ub13oey.mongodb.net:27017 to client view of cluster
2024-05-16 12:36:55 [main] DEBUG o.s.w.s.m.m.a.RequestMappingHandlerAdapter - ControllerAdvice beans: 0 @ModelAttribute, 0 @InitBinder, 1 RequestBodyAdvice, 1 ResponseBodyAdvice
2024-05-16 12:36:55 [main] DEBUG o.s.w.s.m.m.a.RequestMappingHandlerMapping - 7 mappings in 'requestMappingHandlerMapping'
2024-05-16 12:36:55 [main] DEBUG o.s.w.s.h.SimpleUrlHandlerMapping - Patterns [/webjars/**, /**] in 'resourceHandlerMapping'
2024-05-16 12:36:55 [main] DEBUG o.s.w.s.m.m.a.ExceptionHandlerExceptionResolver - ControllerAdvice beans: 0 @ExceptionHandler, 1 ResponseBodyAdvice
2024-05-16 12:36:55 [main] INFO  o.s.b.w.e.tomcat.TomcatWebServer - Tomcat started on port(s): 8080 (http) with context path '/springboot-crud-rest'
2024-05-16 12:36:55 [main] INFO  com.application.Application - Started Application in 5.75 seconds (JVM running for 6.966)
2024-05-16 12:36:56 [cluster-rtt-ClusterId{value='66464436c2900649502bb03a', description='null'}-ac-3zww0ez-shard-00-02.ub13oey.mongodb.net:27017] INFO  org.mongodb.driver.connection - Opened connection [connectionId{localValue:1, serverValue:32118}] to ac-3zww0ez-shard-00-02.ub13oey.mongodb.net:27017
2024-05-16 12:36:56 [cluster-ClusterId{value='66464436c2900649502bb03a', description='null'}-ac-3zww0ez-shard-00-01.ub13oey.mongodb.net:27017] INFO  org.mongodb.driver.connection - Opened connection [connectionId{localValue:5, serverValue:38928}] to ac-3zww0ez-shard-00-01.ub13oey.mongodb.net:27017
2024-05-16 12:36:56 [cluster-ClusterId{value='66464436c2900649502bb03a', description='null'}-ac-3zww0ez-shard-00-02.ub13oey.mongodb.net:27017] INFO  org.mongodb.driver.connection - Opened connection [connectionId{localValue:4, serverValue:32118}] to ac-3zww0ez-shard-00-02.ub13oey.mongodb.net:27017
2024-05-16 12:36:56 [cluster-ClusterId{value='66464436c2900649502bb03a', description='null'}-ac-3zww0ez-shard-00-00.ub13oey.mongodb.net:27017] INFO  org.mongodb.driver.connection - Opened connection [connectionId{localValue:3, serverValue:32360}] to ac-3zww0ez-shard-00-00.ub13oey.mongodb.net:27017
2024-05-16 12:36:56 [cluster-rtt-ClusterId{value='66464436c2900649502bb03a', description='null'}-ac-3zww0ez-shard-00-01.ub13oey.mongodb.net:27017] INFO  org.mongodb.driver.connection - Opened connection [connectionId{localValue:2, serverValue:38928}] to ac-3zww0ez-shard-00-01.ub13oey.mongodb.net:27017
2024-05-16 12:36:56 [cluster-rtt-ClusterId{value='66464436c2900649502bb03a', description='null'}-ac-3zww0ez-shard-00-00.ub13oey.mongodb.net:27017] INFO  org.mongodb.driver.connection - Opened connection [connectionId{localValue:6, serverValue:32360}] to ac-3zww0ez-shard-00-00.ub13oey.mongodb.net:27017
2024-05-16 12:36:56 [cluster-ClusterId{value='66464436c2900649502bb03a', description='null'}-ac-3zww0ez-shard-00-02.ub13oey.mongodb.net:27017] INFO  org.mongodb.driver.cluster - Monitor thread successfully connected to server with description ServerDescription{address=ac-3zww0ez-shard-00-02.ub13oey.mongodb.net:27017, type=REPLICA_SET_SECONDARY, state=CONNECTED, ok=true, minWireVersion=0, maxWireVersion=21, maxDocumentSize=16777216, logicalSessionTimeoutMinutes=30, roundTripTimeNanos=545165500, setName='atlas-2i8qf7-shard-0', canonicalAddress=ac-3zww0ez-shard-00-02.ub13oey.mongodb.net:27017, hosts=[ac-3zww0ez-shard-00-00.ub13oey.mongodb.net:27017, ac-3zww0ez-shard-00-01.ub13oey.mongodb.net:27017, ac-3zww0ez-shard-00-02.ub13oey.mongodb.net:27017], passives=[], arbiters=[], primary='ac-3zww0ez-shard-00-01.ub13oey.mongodb.net:27017', tagSet=TagSet{[Tag{name='availabilityZone', value='use1-az2'}, Tag{name='diskState', value='READY'}, Tag{name='nodeType', value='ELECTABLE'}, Tag{name='provider', value='AWS'}, Tag{name='region', value='US_EAST_1'}, Tag{name='workloadType', value='OPERATIONAL'}]}, electionId=null, setVersion=39, topologyVersion=TopologyVersion{processId=66456a881f60e15465f63fb0, counter=5}, lastWriteDate=Thu May 16 12:36:09 CDT 2024, lastUpdateTimeNanos=81639082200500}
2024-05-16 12:36:56 [cluster-ClusterId{value='66464436c2900649502bb03a', description='null'}-ac-3zww0ez-shard-00-01.ub13oey.mongodb.net:27017] INFO  org.mongodb.driver.cluster - Monitor thread successfully connected to server with description ServerDescription{address=ac-3zww0ez-shard-00-01.ub13oey.mongodb.net:27017, type=REPLICA_SET_PRIMARY, state=CONNECTED, ok=true, minWireVersion=0, maxWireVersion=21, maxDocumentSize=16777216, logicalSessionTimeoutMinutes=30, roundTripTimeNanos=545651000, setName='atlas-2i8qf7-shard-0', canonicalAddress=ac-3zww0ez-shard-00-01.ub13oey.mongodb.net:27017, hosts=[ac-3zww0ez-shard-00-00.ub13oey.mongodb.net:27017, ac-3zww0ez-shard-00-01.ub13oey.mongodb.net:27017, ac-3zww0ez-shard-00-02.ub13oey.mongodb.net:27017], passives=[], arbiters=[], primary='ac-3zww0ez-shard-00-01.ub13oey.mongodb.net:27017', tagSet=TagSet{[Tag{name='availabilityZone', value='use1-az1'}, Tag{name='diskState', value='READY'}, Tag{name='nodeType', value='ELECTABLE'}, Tag{name='provider', value='AWS'}, Tag{name='region', value='US_EAST_1'}, Tag{name='workloadType', value='OPERATIONAL'}]}, electionId=7fffffff000000000000016e, setVersion=39, topologyVersion=TopologyVersion{processId=6645680a2666c03f80358b77, counter=9}, lastWriteDate=Thu May 16 12:36:09 CDT 2024, lastUpdateTimeNanos=81639082200600}
2024-05-16 12:36:56 [cluster-ClusterId{value='66464436c2900649502bb03a', description='null'}-ac-3zww0ez-shard-00-00.ub13oey.mongodb.net:27017] INFO  org.mongodb.driver.cluster - Monitor thread successfully connected to server with description ServerDescription{address=ac-3zww0ez-shard-00-00.ub13oey.mongodb.net:27017, type=REPLICA_SET_SECONDARY, state=CONNECTED, ok=true, minWireVersion=0, maxWireVersion=21, maxDocumentSize=16777216, logicalSessionTimeoutMinutes=30, roundTripTimeNanos=544723200, setName='atlas-2i8qf7-shard-0', canonicalAddress=ac-3zww0ez-shard-00-00.ub13oey.mongodb.net:27017, hosts=[ac-3zww0ez-shard-00-00.ub13oey.mongodb.net:27017, ac-3zww0ez-shard-00-01.ub13oey.mongodb.net:27017, ac-3zww0ez-shard-00-02.ub13oey.mongodb.net:27017], passives=[], arbiters=[], primary='ac-3zww0ez-shard-00-01.ub13oey.mongodb.net:27017', tagSet=TagSet{[Tag{name='availabilityZone', value='use1-az6'}, Tag{name='diskState', value='READY'}, Tag{name='nodeType', value='ELECTABLE'}, Tag{name='provider', value='AWS'}, Tag{name='region', value='US_EAST_1'}, Tag{name='workloadType', value='OPERATIONAL'}]}, electionId=null, setVersion=39, topologyVersion=TopologyVersion{processId=6645691fc04ae29e1b9d970a, counter=5}, lastWriteDate=Thu May 16 12:36:09 CDT 2024, lastUpdateTimeNanos=81639082200500}
2024-05-16 12:36:56 [cluster-ClusterId{value='66464436c2900649502bb03a', description='null'}-ac-3zww0ez-shard-00-01.ub13oey.mongodb.net:27017] INFO  org.mongodb.driver.cluster - Setting max election id to 7fffffff000000000000016e from replica set primary ac-3zww0ez-shard-00-01.ub13oey.mongodb.net:27017
2024-05-16 12:36:56 [cluster-ClusterId{value='66464436c2900649502bb03a', description='null'}-ac-3zww0ez-shard-00-01.ub13oey.mongodb.net:27017] INFO  org.mongodb.driver.cluster - Setting max set version to 39 from replica set primary ac-3zww0ez-shard-00-01.ub13oey.mongodb.net:27017
2024-05-16 12:36:56 [cluster-ClusterId{value='66464436c2900649502bb03a', description='null'}-ac-3zww0ez-shard-00-01.ub13oey.mongodb.net:27017] INFO  org.mongodb.driver.cluster - Discovered replica set primary ac-3zww0ez-shard-00-01.ub13oey.mongodb.net:27017
2024-05-16 12:43:21 [http-nio-8080-exec-1] INFO  o.a.c.c.C.[.[.[/springboot-crud-rest] - Initializing Spring DispatcherServlet 'dispatcherServlet'
2024-05-16 12:43:21 [http-nio-8080-exec-1] INFO  o.s.web.servlet.DispatcherServlet - Initializing Servlet 'dispatcherServlet'
2024-05-16 12:43:21 [http-nio-8080-exec-1] DEBUG o.s.web.servlet.DispatcherServlet - Detected StandardServletMultipartResolver
2024-05-16 12:43:21 [http-nio-8080-exec-1] DEBUG o.s.web.servlet.DispatcherServlet - Detected AcceptHeaderLocaleResolver
2024-05-16 12:43:21 [http-nio-8080-exec-1] DEBUG o.s.web.servlet.DispatcherServlet - Detected FixedThemeResolver
2024-05-16 12:43:21 [http-nio-8080-exec-1] DEBUG o.s.web.servlet.DispatcherServlet - Detected org.springframework.web.servlet.view.DefaultRequestToViewNameTranslator@4b43291d
2024-05-16 12:43:21 [http-nio-8080-exec-1] DEBUG o.s.web.servlet.DispatcherServlet - Detected org.springframework.web.servlet.support.SessionFlashMapManager@4746c6df
2024-05-16 12:43:21 [http-nio-8080-exec-1] DEBUG o.s.web.servlet.DispatcherServlet - enableLoggingRequestDetails='false': request parameters and headers will be masked to prevent unsafe logging of potentially sensitive data
2024-05-16 12:43:21 [http-nio-8080-exec-1] INFO  o.s.web.servlet.DispatcherServlet - Completed initialization in 8 ms
2024-05-16 12:43:21 [http-nio-8080-exec-1] DEBUG o.s.web.servlet.DispatcherServlet - GET "/springboot-crud-rest/api/v1/employees", parameters={}
2024-05-16 12:43:21 [http-nio-8080-exec-1] DEBUG o.s.w.s.m.m.a.RequestMappingHandlerMapping - Mapped to com.controller.EmployeeController#getAllEmployees()
2024-05-16 12:43:22 [http-nio-8080-exec-1] INFO  org.mongodb.driver.connection - Opened connection [connectionId{localValue:7, serverValue:39057}] to ac-3zww0ez-shard-00-01.ub13oey.mongodb.net:27017
2024-05-16 12:43:22 [http-nio-8080-exec-1] DEBUG o.s.w.s.m.m.a.HttpEntityMethodProcessor - Using 'application/json', given [application/json, text/plain, */*] and supported [application/json, application/*+json, application/json, application/*+json]
2024-05-16 12:43:22 [http-nio-8080-exec-1] DEBUG o.s.w.s.m.m.a.HttpEntityMethodProcessor - Writing [[com.model.Employee@79369a73, com.model.Employee@12a9a432, com.model.Employee@31a6f3fb]]
2024-05-16 12:43:22 [http-nio-8080-exec-1] DEBUG o.s.web.servlet.DispatcherServlet - Completed 200 OK
2024-05-16 12:43:27 [http-nio-8080-exec-3] DEBUG o.s.web.servlet.DispatcherServlet - OPTIONS "/springboot-crud-rest/api/v1/employees/66456486c889924e02aa1205", parameters={}
2024-05-16 12:43:27 [http-nio-8080-exec-3] DEBUG o.s.w.s.m.m.a.RequestMappingHandlerMapping - Mapped to com.controller.EmployeeController#deleteEmployee(String)
2024-05-16 12:43:27 [http-nio-8080-exec-3] DEBUG o.s.web.servlet.DispatcherServlet - Completed 200 OK
2024-05-16 12:43:27 [http-nio-8080-exec-4] DEBUG o.s.web.servlet.DispatcherServlet - DELETE "/springboot-crud-rest/api/v1/employees/66456486c889924e02aa1205", parameters={}
2024-05-16 12:43:27 [http-nio-8080-exec-4] DEBUG o.s.w.s.m.m.a.RequestMappingHandlerMapping - Mapped to com.controller.EmployeeController#deleteEmployee(String)
2024-05-16 12:43:27 [http-nio-8080-exec-4] DEBUG o.s.w.s.m.m.a.HttpEntityMethodProcessor - Using 'application/json', given [application/json, text/plain, */*] and supported [application/json, application/*+json, application/json, application/*+json]
2024-05-16 12:43:27 [http-nio-8080-exec-4] DEBUG o.s.w.s.m.m.a.HttpEntityMethodProcessor - Nothing to write: null body
2024-05-16 12:43:27 [http-nio-8080-exec-4] DEBUG o.s.web.servlet.DispatcherServlet - Completed 204 NO_CONTENT
2024-05-16 12:43:27 [http-nio-8080-exec-5] DEBUG o.s.web.servlet.DispatcherServlet - GET "/springboot-crud-rest/api/v1/employees", parameters={}
2024-05-16 12:43:27 [http-nio-8080-exec-5] DEBUG o.s.w.s.m.m.a.RequestMappingHandlerMapping - Mapped to com.controller.EmployeeController#getAllEmployees()
2024-05-16 12:43:27 [http-nio-8080-exec-5] DEBUG o.s.w.s.m.m.a.HttpEntityMethodProcessor - Using 'application/json', given [application/json, text/plain, */*] and supported [application/json, application/*+json, application/json, application/*+json]
2024-05-16 12:43:27 [http-nio-8080-exec-5] DEBUG o.s.w.s.m.m.a.HttpEntityMethodProcessor - Writing [[com.model.Employee@58c3a41a, com.model.Employee@56044172]]
2024-05-16 12:43:27 [http-nio-8080-exec-5] DEBUG o.s.web.servlet.DispatcherServlet - Completed 200 OK
